This is pdfTeX, Version 3.141592653-2.6-1.40.27 (TeX Live 2025/Homebrew) (preloaded format=pdflatex 2025.3.15)  23 MAR 2026 14:37
entering extended mode
 restricted \write18 enabled.
 %&-line parsing enabled.
**main.tex
(./main.tex
LaTeX2e <2024-11-01> patch level 2
L3 programming layer <2025-01-18>

(/opt/homebrew/Cellar/texlive/20250308_1/share/texmf-dist/tex/latex/base/articl
e.cls
Document Class: article 2024/06/29 v1.4n Standard LaTeX document class

(/opt/homebrew/Cellar/texlive/20250308_1/share/texmf-dist/tex/latex/base/size10
.clo
File: size10.clo 2024/06/29 v1.4n Standard LaTeX file (size option)
)
\c@part=\count196
\c@section=\count197
\c@subsection=\count198
\c@subsubsection=\count199
\c@paragraph=\count266
\c@subparagraph=\count267
\c@figure=\count268
\c@table=\count269
\abovecaptionskip=\skip49
\belowcaptionskip=\skip50
\bibindent=\dimen141
)
(/opt/homebrew/Cellar/texlive/20250308_1/share/texmf-dist/tex/latex/geometry/ge
ometry.sty
Package: geometry 2020/01/02 v5.9 Page Geometry

(/opt/homebrew/Cellar/texlive/20250308_1/share/texmf-dist/tex/latex/graphics/ke
yval.sty
Package: keyval 2022/05/29 v1.15 key=value parser (DPC)
\KV@toks@=\toks17
)
(/opt/homebrew/Cellar/texlive/20250308_1/share/texmf-dist/tex/generic/iftex/ifv
tex.sty
Package: ifvtex 2019/10/25 v1.7 ifvtex legacy package. Use iftex instead.

(/opt/homebrew/Cellar/texlive/20250308_1/share/texmf-dist/tex/generic/iftex/ift
ex.sty
Package: iftex 2024/12/12 v1.0g TeX engine tests
))
\Gm@cnth=\count270
\Gm@cntv=\count271
\c@Gm@tempcnt=\count272
\Gm@bindingoffset=\dimen142
\Gm@wd@mp=\dimen143
\Gm@odd@mp=\dimen144
\Gm@even@mp=\dimen145
\Gm@layoutwidth=\dimen146
\Gm@layoutheight=\dimen147
\Gm@layouthoffset=\dimen148
\Gm@layoutvoffset=\dimen149
\Gm@dimlist=\toks18
)
(/opt/homebrew/Cellar/texlive/20250308_1/share/texmf-dist/tex/latex/base/fonten
c.sty
Package: fontenc 2021/04/29 v2.0v Standard LaTeX package
)
(/opt/homebrew/Cellar/texlive/20250308_1/share/texmf-dist/tex/latex/base/inpute
nc.sty
Package: inputenc 2024/02/08 v1.3d Input encoding file
\inpenc@prehook=\toks19
\inpenc@posthook=\toks20
)
(/opt/homebrew/Cellar/texlive/20250308_1/share/texmf-dist/tex/latex/microtype/m
icrotype.sty
Package: microtype 2025/02/11 v3.2a Micro-typographical refinements (RS)

(/opt/homebrew/Cellar/texlive/20250308_1/share/texmf-dist/tex/latex/etoolbox/et
oolbox.sty
Package: etoolbox 2025/02/11 v2.5l e-TeX tools for LaTeX (JAW)
\etb@tempcnta=\count273
)
\MT@toks=\toks21
\MT@tempbox=\box52
\MT@count=\count274
LaTeX Info: Redefining \noprotrusionifhmode on input line 1087.
LaTeX Info: Redefining \leftprotrusion on input line 1088.
\MT@prot@toks=\toks22
LaTeX Info: Redefining \rightprotrusion on input line 1107.
LaTeX Info: Redefining \textls on input line 1449.
\MT@outer@kern=\dimen150
LaTeX Info: Redefining \microtypecontext on input line 2053.
LaTeX Info: Redefining \textmicrotypecontext on input line 2070.
\MT@listname@count=\count275

(/opt/homebrew/Cellar/texlive/20250308_1/share/texmf-dist/tex/latex/microtype/m
icrotype-pdftex.def
File: microtype-pdftex.def 2025/02/11 v3.2a Definitions specific to pdftex (RS)

LaTeX Info: Redefining \lsstyle on input line 944.
LaTeX Info: Redefining \lslig on input line 944.
\MT@outer@space=\skip51
)
Package microtype Info: Loading configuration file microtype.cfg.

(/opt/homebrew/Cellar/texlive/20250308_1/share/texmf-dist/tex/latex/microtype/m
icrotype.cfg
File: microtype.cfg 2025/02/11 v3.2a microtype main configuration file (RS)
)
LaTeX Info: Redefining \microtypesetup on input line 3065.
)
(/opt/homebrew/Cellar/texlive/20250308_1/share/texmf-dist/tex/latex/graphics/gr
aphicx.sty
Package: graphicx 2021/09/16 v1.2d Enhanced LaTeX Graphics (DPC,SPQR)

(/opt/homebrew/Cellar/texlive/20250308_1/share/texmf-dist/tex/latex/graphics/gr
aphics.sty
Package: graphics 2024/08/06 v1.4g Standard LaTeX Graphics (DPC,SPQR)

(/opt/homebrew/Cellar/texlive/20250308_1/share/texmf-dist/tex/latex/graphics/tr
ig.sty
Package: trig 2023/12/02 v1.11 sin cos tan (DPC)
)
(/opt/homebrew/Cellar/texlive/20250308_1/share/texmf-dist/tex/latex/graphics-cf
g/graphics.cfg
File: graphics.cfg 2016/06/04 v1.11 sample graphics configuration
)
Package graphics Info: Driver file: pdftex.def on input line 106.

(/opt/homebrew/Cellar/texlive/20250308_1/share/texmf-dist/tex/latex/graphics-de
f/pdftex.def
File: pdftex.def 2024/04/13 v1.2c Graphics/color driver for pdftex
))
\Gin@req@height=\dimen151
\Gin@req@width=\dimen152
)
(/opt/homebrew/Cellar/texlive/20250308_1/share/texmf-dist/tex/latex/booktabs/bo
oktabs.sty
Package: booktabs 2020/01/12 v1.61803398 Publication quality tables
\heavyrulewidth=\dimen153
\lightrulewidth=\dimen154
\cmidrulewidth=\dimen155
\belowrulesep=\dimen156
\belowbottomsep=\dimen157
\aboverulesep=\dimen158
\abovetopsep=\dimen159
\cmidrulesep=\dimen160
\cmidrulekern=\dimen161
\defaultaddspace=\dimen162
\@cmidla=\count276
\@cmidlb=\count277
\@aboverulesep=\dimen163
\@belowrulesep=\dimen164
\@thisruleclass=\count278
\@lastruleclass=\count279
\@thisrulewidth=\dimen165
)
(/opt/homebrew/Cellar/texlive/20250308_1/share/texmf-dist/tex/latex/tools/array
.sty
Package: array 2024/10/17 v2.6g Tabular extension package (FMi)
\col@sep=\dimen166
\ar@mcellbox=\box53
\extrarowheight=\dimen167
\NC@list=\toks23
\extratabsurround=\skip52
\backup@length=\skip53
\ar@cellbox=\box54
)
(/opt/homebrew/Cellar/texlive/20250308_1/share/texmf-dist/tex/latex/tools/tabul
arx.sty
Package: tabularx 2023/12/11 v2.12a `tabularx' package (DPC)
\TX@col@width=\dimen168
\TX@old@table=\dimen169
\TX@old@col=\dimen170
\TX@target=\dimen171
\TX@delta=\dimen172
\TX@cols=\count280
\TX@ftn=\toks24
)
(/opt/homebrew/Cellar/texlive/20250308_1/share/texmf-dist/tex/latex/enumitem/en
umitem.sty
Package: enumitem 2025/02/06 v3.11 Customized lists
\labelindent=\skip54
\enit@outerparindent=\dimen173
\enit@toks=\toks25
\enit@inbox=\box55
\enit@count@id=\count281
\enitdp@description=\count282
)
(/opt/homebrew/Cellar/texlive/20250308_1/share/texmf-dist/tex/latex/xcolor/xcol
or.sty
Package: xcolor 2024/09/29 v3.02 LaTeX color extensions (UK)

(/opt/homebrew/Cellar/texlive/20250308_1/share/texmf-dist/tex/latex/graphics-cf
g/color.cfg
File: color.cfg 2016/01/02 v1.6 sample color configuration
)
Package xcolor Info: Driver file: pdftex.def on input line 274.

(/opt/homebrew/Cellar/texlive/20250308_1/share/texmf-dist/tex/latex/graphics/ma
thcolor.ltx)
Package xcolor Info: Model `cmy' substituted by `cmy0' on input line 1349.
Package xcolor Info: Model `hsb' substituted by `rgb' on input line 1353.
Package xcolor Info: Model `RGB' extended on input line 1365.
Package xcolor Info: Model `HTML' substituted by `rgb' on input line 1367.
Package xcolor Info: Model `Hsb' substituted by `hsb' on input line 1368.
Package xcolor Info: Model `tHsb' substituted by `hsb' on input line 1369.
Package xcolor Info: Model `HSB' substituted by `hsb' on input line 1370.
Package xcolor Info: Model `Gray' substituted by `gray' on input line 1371.
Package xcolor Info: Model `wave' substituted by `hsb' on input line 1372.
)
(/opt/homebrew/Cellar/texlive/20250308_1/share/texmf-dist/tex/latex/hyperref/hy
perref.sty
Package: hyperref 2024-11-05 v7.01l Hypertext links for LaTeX

(/opt/homebrew/Cellar/texlive/20250308_1/share/texmf-dist/tex/latex/kvsetkeys/k
vsetkeys.sty
Package: kvsetkeys 2022-10-05 v1.19 Key value parser (HO)
)
(/opt/homebrew/Cellar/texlive/20250308_1/share/texmf-dist/tex/generic/kvdefinek
eys/kvdefinekeys.sty
Package: kvdefinekeys 2019-12-19 v1.6 Define keys (HO)
)
(/opt/homebrew/Cellar/texlive/20250308_1/share/texmf-dist/tex/generic/pdfescape
/pdfescape.sty
Package: pdfescape 2019/12/09 v1.15 Implements pdfTeX's escape features (HO)

(/opt/homebrew/Cellar/texlive/20250308_1/share/texmf-dist/tex/generic/ltxcmds/l
txcmds.sty
Package: ltxcmds 2023-12-04 v1.26 LaTeX kernel commands for general use (HO)
)
(/opt/homebrew/Cellar/texlive/20250308_1/share/texmf-dist/tex/generic/pdftexcmd
s/pdftexcmds.sty
Package: pdftexcmds 2020-06-27 v0.33 Utility functions of pdfTeX for LuaTeX (HO
)

(/opt/homebrew/Cellar/texlive/20250308_1/share/texmf-dist/tex/generic/infwarerr
/infwarerr.sty
Package: infwarerr 2019/12/03 v1.5 Providing info/warning/error messages (HO)
)
Package pdftexcmds Info: \pdf@primitive is available.
Package pdftexcmds Info: \pdf@ifprimitive is available.
Package pdftexcmds Info: \pdfdraftmode found.
))
(/opt/homebrew/Cellar/texlive/20250308_1/share/texmf-dist/tex/latex/hycolor/hyc
olor.sty
Package: hycolor 2020-01-27 v1.10 Color options for hyperref/bookmark (HO)
)
(/opt/homebrew/Cellar/texlive/20250308_1/share/texmf-dist/tex/latex/hyperref/na
meref.sty
Package: nameref 2023-11-26 v2.56 Cross-referencing by name of section

(/opt/homebrew/Cellar/texlive/20250308_1/share/texmf-dist/tex/latex/refcount/re
fcount.sty
Package: refcount 2019/12/15 v3.6 Data extraction from label references (HO)
)
(/opt/homebrew/Cellar/texlive/20250308_1/share/texmf-dist/tex/generic/gettitles
tring/gettitlestring.sty
Package: gettitlestring 2019/12/15 v1.6 Cleanup title references (HO)

(/opt/homebrew/Cellar/texlive/20250308_1/share/texmf-dist/tex/latex/kvoptions/k
voptions.sty
Package: kvoptions 2022-06-15 v3.15 Key value format for package options (HO)
))
\c@section@level=\count283
)
(/opt/homebrew/Cellar/texlive/20250308_1/share/texmf-dist/tex/generic/stringenc
/stringenc.sty
Package: stringenc 2019/11/29 v1.12 Convert strings between diff. encodings (HO
)
)
\@linkdim=\dimen174
\Hy@linkcounter=\count284
\Hy@pagecounter=\count285

(/opt/homebrew/Cellar/texlive/20250308_1/share/texmf-dist/tex/latex/hyperref/pd
1enc.def
File: pd1enc.def 2024-11-05 v7.01l Hyperref: PDFDocEncoding definition (HO)
Now handling font encoding PD1 ...
... no UTF-8 mapping file for font encoding PD1
)
(/opt/homebrew/Cellar/texlive/20250308_1/share/texmf-dist/tex/generic/intcalc/i
ntcalc.sty
Package: intcalc 2019/12/15 v1.3 Expandable calculations with integers (HO)
)
\Hy@SavedSpaceFactor=\count286

(/opt/homebrew/Cellar/texlive/20250308_1/share/texmf-dist/tex/latex/hyperref/pu
enc.def
File: puenc.def 2024-11-05 v7.01l Hyperref: PDF Unicode definition (HO)
Now handling font encoding PU ...
... no UTF-8 mapping file for font encoding PU
)
Package hyperref Info: Hyper figures OFF on input line 4157.
Package hyperref Info: Link nesting OFF on input line 4162.
Package hyperref Info: Hyper index ON on input line 4165.
Package hyperref Info: Plain pages OFF on input line 4172.
Package hyperref Info: Backreferencing OFF on input line 4177.
Package hyperref Info: Implicit mode ON; LaTeX internals redefined.
Package hyperref Info: Bookmarks ON on input line 4424.
\c@Hy@tempcnt=\count287

(/opt/homebrew/Cellar/texlive/20250308_1/share/texmf-dist/tex/latex/url/url.sty
\Urlmuskip=\muskip17
Package: url 2013/09/16  ver 3.4  Verb mode for urls, etc.
)
LaTeX Info: Redefining \url on input line 4763.
\XeTeXLinkMargin=\dimen175

(/opt/homebrew/Cellar/texlive/20250308_1/share/texmf-dist/tex/generic/bitset/bi
tset.sty
Package: bitset 2019/12/09 v1.3 Handle bit-vector datatype (HO)

(/opt/homebrew/Cellar/texlive/20250308_1/share/texmf-dist/tex/generic/bigintcal
c/bigintcalc.sty
Package: bigintcalc 2019/12/15 v1.5 Expandable calculations on big integers (HO
)
))
\Fld@menulength=\count288
\Field@Width=\dimen176
\Fld@charsize=\dimen177
Package hyperref Info: Hyper figures OFF on input line 6042.
Package hyperref Info: Link nesting OFF on input line 6047.
Package hyperref Info: Hyper index ON on input line 6050.
Package hyperref Info: backreferencing OFF on input line 6057.
Package hyperref Info: Link coloring OFF on input line 6062.
Package hyperref Info: Link coloring with OCG OFF on input line 6067.
Package hyperref Info: PDF/A mode OFF on input line 6072.

(/opt/homebrew/Cellar/texlive/20250308_1/share/texmf-dist/tex/latex/base/atbegs
hi-ltx.sty
Package: atbegshi-ltx 2021/01/10 v1.0c Emulation of the original atbegshi
package with kernel methods
)
\Hy@abspage=\count289
\c@Item=\count290
\c@Hfootnote=\count291
)
Package hyperref Info: Driver (autodetected): hpdftex.

(/opt/homebrew/Cellar/texlive/20250308_1/share/texmf-dist/tex/latex/hyperref/hp
dftex.def
File: hpdftex.def 2024-11-05 v7.01l Hyperref driver for pdfTeX

(/opt/homebrew/Cellar/texlive/20250308_1/share/texmf-dist/tex/latex/base/atvery
end-ltx.sty
Package: atveryend-ltx 2020/08/19 v1.0a Emulation of the original atveryend pac
kage
with kernel methods
)
\Fld@listcount=\count292
\c@bookmark@seq@number=\count293

(/opt/homebrew/Cellar/texlive/20250308_1/share/texmf-dist/tex/latex/rerunfilech
eck/rerunfilecheck.sty
Package: rerunfilecheck 2022-07-10 v1.10 Rerun checks for auxiliary files (HO)

(/opt/homebrew/Cellar/texlive/20250308_1/share/texmf-dist/tex/generic/uniquecou
nter/uniquecounter.sty
Package: uniquecounter 2019/12/15 v1.4 Provide unlimited unique counter (HO)
)
Package uniquecounter Info: New unique counter `rerunfilecheck' on input line 2
85.
)
\Hy@SectionHShift=\skip55
)
(/opt/homebrew/Cellar/texlive/20250308_1/share/texmf-dist/tex/latex/caption/cap
tion.sty
Package: caption 2023/08/05 v3.6o Customizing captions (AR)

(/opt/homebrew/Cellar/texlive/20250308_1/share/texmf-dist/tex/latex/caption/cap
tion3.sty
Package: caption3 2023/07/31 v2.4d caption3 kernel (AR)
\caption@tempdima=\dimen178
\captionmargin=\dimen179
\caption@leftmargin=\dimen180
\caption@rightmargin=\dimen181
\caption@width=\dimen182
\caption@indent=\dimen183
\caption@parindent=\dimen184
\caption@hangindent=\dimen185
Package caption Info: Standard document class detected.
)
\c@caption@flags=\count294
\c@continuedfloat=\count295
Package caption Info: hyperref package is loaded.
)
(/opt/homebrew/Cellar/texlive/20250308_1/share/texmf-dist/tex/latex/placeins/pl
aceins.sty
Package: placeins 2005/04/18  v 2.2
)
Package hyperref Info: Option `colorlinks' set `true' on input line 28.

(/opt/homebrew/Cellar/texlive/20250308_1/share/texmf-dist/tex/latex/l3backend/l
3backend-pdftex.def
File: l3backend-pdftex.def 2024-05-08 L3 backend support: PDF output (pdfTeX)
\l__color_backend_stack_int=\count296
\l__pdf_internal_box=\box56
) (./main.aux)
\openout1 = `main.aux'.

LaTeX Font Info:    Checking defaults for OML/cmm/m/it on input line 35.
LaTeX Font Info:    ... okay on input line 35.
LaTeX Font Info:    Checking defaults for OMS/cmsy/m/n on input line 35.
LaTeX Font Info:    ... okay on input line 35.
LaTeX Font Info:    Checking defaults for OT1/cmr/m/n on input line 35.
LaTeX Font Info:    ... okay on input line 35.
LaTeX Font Info:    Checking defaults for T1/cmr/m/n on input line 35.
LaTeX Font Info:    ... okay on input line 35.
LaTeX Font Info:    Checking defaults for TS1/cmr/m/n on input line 35.
LaTeX Font Info:    ... okay on input line 35.
LaTeX Font Info:    Checking defaults for OMX/cmex/m/n on input line 35.
LaTeX Font Info:    ... okay on input line 35.
LaTeX Font Info:    Checking defaults for U/cmr/m/n on input line 35.
LaTeX Font Info:    ... okay on input line 35.
LaTeX Font Info:    Checking defaults for PD1/pdf/m/n on input line 35.
LaTeX Font Info:    ... okay on input line 35.
LaTeX Font Info:    Checking defaults for PU/pdf/m/n on input line 35.
LaTeX Font Info:    ... okay on input line 35.

*geometry* driver: auto-detecting
*geometry* detected driver: pdftex
*geometry* verbose mode - [ preamble ] result:
* driver: pdftex
* paper: letterpaper
* layout: <same size as paper>
* layoutoffset:(h,v)=(0.0pt,0.0pt)
* modes: 
* h-part:(L,W,R)=(52.03448pt, 510.22603pt, 52.03448pt)
* v-part:(T,H,B)=(52.03448pt, 690.90102pt, 52.03448pt)
* \paperwidth=614.295pt
* \paperheight=794.96999pt
* \textwidth=510.22603pt
* \textheight=690.90102pt
* \oddsidemargin=-20.2355pt
* \evensidemargin=-20.2355pt
* \topmargin=-57.2355pt
* \headheight=12.0pt
* \headsep=25.0pt
* \topskip=10.0pt
* \footskip=30.0pt
* \marginparwidth=65.0pt
* \marginparsep=11.0pt
* \columnsep=18.0pt
* \skip\footins=9.0pt plus 4.0pt minus 2.0pt
* \hoffset=0.0pt
* \voffset=0.0pt
* \mag=1000
* \@twocolumnfalse
* \@twosidefalse
* \@mparswitchfalse
* \@reversemarginfalse
* (1in=72.27pt=25.4mm, 1cm=28.453pt)

LaTeX Info: Redefining \microtypecontext on input line 35.
Package microtype Info: Applying patch `item' on input line 35.
Package microtype Info: Applying patch `toc' on input line 35.
Package microtype Info: Applying patch `eqnum' on input line 35.
Package microtype Info: Applying patch `footnote' on input line 35.
Package microtype Info: Applying patch `verbatim' on input line 35.
LaTeX Info: Redefining \microtypesetup on input line 35.
Package microtype Info: Generating PDF output.
Package microtype Info: Character protrusion enabled (level 2).
Package microtype Info: Using default protrusion set `alltext'.
Package microtype Info: Automatic font expansion enabled (level 2),
(microtype)             stretch: 20, shrink: 20, step: 1, non-selected.
Package microtype Info: Using default expansion set `alltext-nott'.
LaTeX Info: Redefining \showhyphens on input line 35.
Package microtype Info: No adjustment of tracking.
Package microtype Info: No adjustment of interword spacing.
Package microtype Info: No adjustment of character kerning.

(/opt/homebrew/Cellar/texlive/20250308_1/share/texmf-dist/tex/latex/microtype/m
t-cmr.cfg
File: mt-cmr.cfg 2013/05/19 v2.2 microtype config. file: Computer Modern Roman 
(RS)
)
(/opt/homebrew/Cellar/texlive/20250308_1/share/texmf-dist/tex/context/base/mkii
/supp-pdf.mkii
[Loading MPS to PDF converter (version 2006.09.02).]
\scratchcounter=\count297
\scratchdimen=\dimen186
\scratchbox=\box57
\nofMPsegments=\count298
\nofMParguments=\count299
\everyMPshowfont=\toks26
\MPscratchCnt=\count300
\MPscratchDim=\dimen187
\MPnumerator=\count301
\makeMPintoPDFobject=\count302
\everyMPtoPDFconversion=\toks27
)
(/opt/homebrew/Cellar/texlive/20250308_1/share/texmf-dist/tex/latex/epstopdf-pk
g/epstopdf-base.sty
Package: epstopdf-base 2020-01-24 v2.11 Base part for package epstopdf
Package epstopdf-base Info: Redefining graphics rule for `.eps' on input line 4
85.

(/opt/homebrew/Cellar/texlive/20250308_1/share/texmf-dist/tex/latex/latexconfig
/epstopdf-sys.cfg
File: epstopdf-sys.cfg 2010/07/13 v1.3 Configuration of (r)epstopdf for TeX Liv
e
))
Package hyperref Info: Link coloring ON on input line 35.
 (./main.out) (./main.out)
\@outlinefile=\write3
\openout3 = `main.out'.

Package caption Info: Begin \AtBeginDocument code.
Package caption Info: End \AtBeginDocument code.
LaTeX Font Info:    External font `cmex10' loaded for size
(Font)              <12> on input line 43.
LaTeX Font Info:    External font `cmex10' loaded for size
(Font)              <8> on input line 43.
LaTeX Font Info:    External font `cmex10' loaded for size
(Font)              <6> on input line 43.
Package microtype Info: Loading generic protrusion settings for font family
(microtype)             `cmtt' (encoding: T1).
(microtype)             For optimal results, create family-specific settings.
(microtype)             See the microtype manual for details.
LaTeX Font Info:    External font `cmex10' loaded for size
(Font)              <7> on input line 47.
LaTeX Font Info:    External font `cmex10' loaded for size
(Font)              <5> on input line 47.




[1{/opt/homebrew/Cellar/texlive/20250308_1/share/texmf-dist/fonts/map/pdftex/up
dmap/pdftex.map}{/opt/homebrew/Cellar/texlive/20250308_1/share/texmf-dist/fonts
/enc/dvips/cm-super/cm-super-t1.enc}


]
Overfull \hbox (13.47528pt too wide) in paragraph at lines 53--54
\T1/cmr/m/n/10 (-20) tionally, be-cause the cur-rently des-ig-nated base-line m
anuscript
 []


Underfull \hbox (badness 1087) in paragraph at lines 55--55
[][][]\T1/cmr/m/n/8 (+20) The TUI pri-or-ity is stated in $\T1/cmtt/m/n/8 docs 
/ PROJECT _ CHARTER . md :
 []




Overfull \hbox (2.15137pt too wide) in paragraph at lines 63--64
\T1/cmtt/m/n/10 pipeline / white _ paper _ drafts / eden _ whitepaper _ v14 .
 []



[2]



[3]
Overfull \hbox (13.17302pt too wide) in paragraph at lines 81--81
[]\T1/cmr/bx/n/14.4 (-20) Canonical Terms and Non-Collapse
 []


Underfull \hbox (badness 4569) in paragraph at lines 85--85
[][][]\T1/cmr/m/n/8 (+20) The core def-i-ni-tion is in $\T1/cmtt/m/n/8 docs / C
ANONICAL _ ONTOLOGY . md :
 []




Underfull \hbox (badness 1348) in paragraph at lines 89--89
\T1/cmtt/m/n/8 AND _ MEMBRANE . md : L7-[]L12 ,[] L57-[]L71$\T1/cmr/m/n/8 (+20)
 . The mode/profile bound-
 []



[4]
Underfull \hbox (badness 10000) in paragraph at lines 93--93
[][][]$\T1/cmtt/m/n/8 docs / MEASUREMENT _ EVENT _ MODEL . md : L51-[]L57$\T1/c
mr/m/n/8 (+20) ; $\T1/cmtt/m/n/8 docs /
 []


Underfull \hbox (badness 10000) in paragraph at lines 95--95
[][][]\T1/cmr/m/n/8 (+20) See $\T1/cmtt/m/n/8 docs / OBSERVATORY _ SPEC . md : 
L3-[]L18 ,[] L187-[]L216 ,[]
 []


Underfull \hbox (badness 10000) in paragraph at lines 95--95
[][][]$\T1/cmtt/m/n/8 docs / KNOWN _ LIMITATIONS . md : L21-[]L25 ,[] L48-[]L54
$\T1/cmr/m/n/8 (+20) ;
 []


Underfull \hbox (badness 10000) in paragraph at lines 95--95
\T1/cmtt/m/n/8 web / observatory / src / App . tsx : L853-[]L871 ,[] L2258-[]L2
270 ,[]
 []


Underfull \hbox (badness 4531) in paragraph at lines 97--97
[][][]\T1/cmr/m/n/8 (+20) The nar-row hum con-tract is ex-plicit in $\T1/cmtt/m
/n/8 docs / KNOWN _
 []




Overfull \hbox (6.22153pt too wide) in paragraph at lines 99--99
[]\T1/cmr/bx/n/14.4 (-20) Direct-Loop Ar-chi-tec-ture and Per-
 []


Underfull \hbox (badness 10000) in paragraph at lines 103--103
[][][]$\T1/cmtt/m/n/8 docs / KNOWN _ LIMITATIONS . md : L5-[]L6$\T1/cmr/m/n/8 (
+20) ; $\T1/cmtt/m/n/8 eden / inference . py :
 []


Underfull \hbox (badness 10000) in paragraph at lines 105--105
[][][]$\T1/cmtt/m/n/8 eden / inference . py : L305-[]L314$\T1/cmr/m/n/8 (+20) ;
 $\T1/cmtt/m/n/8 logs / runtime . jsonl :
 []



[5]


Underfull \hbox (badness 10000) in paragraph at lines 121--121
[][][]$\T1/cmtt/m/n/8 README . md : L63-[]L65 ,[] L123-[]L142$\T1/cmr/m/n/8 (+2
0) ; $\T1/cmtt/m/n/8 docs / TUI _ SPEC . md :
 []



[6]
Underfull \hbox (badness 10000) in paragraph at lines 123--123
[][][]$\T1/cmtt/m/n/8 docs / OBSERVATORY _ SPEC . md : L148-[]L178 ,[] L199-[]L
209$\T1/cmr/m/n/8 (+20) ;
 []


Underfull \hbox (badness 7099) in paragraph at lines 123--123
[][][]$\T1/cmtt/m/n/8 docs / OBSERVATORY _ SPEC . md : L320-[]L343$\T1/cmr/m/n/
8 (+20) ; $\T1/cmtt/m/n/8 docs / MEASUREMENT _
 []


Underfull \hbox (badness 8189) in paragraph at lines 125--125
[][][]$\T1/cmtt/m/n/8 docs / OBSERVATORY _ INTERACTION _ SPEC . md : L138-[]L14
7$\T1/cmr/m/n/8 (+20) ; $\T1/cmtt/m/n/8 docs /
 []




Underfull \hbox (badness 10000) in paragraph at lines 129--129
[][][]$\T1/cmtt/m/n/8 docs / OBSERVATORY _ E2E _ AUDIT . md : L217-[]L231$\T1/c
mr/m/n/8 (+20) ; $\T1/cmtt/m/n/8 docs / KNOWN _
 []


Overfull \hbox (13.12706pt too wide) in paragraph at lines 129--130
\T1/cmr/m/n/10 (-20) runtime-trace causal-ity un-der the live pre-view/commit/r
evert
 []


Underfull \hbox (badness 3000) in paragraph at lines 133--133
[][][]\T1/cmr/m/n/8 (+20) See Fig-ure [][]5[][] and the un-der-ly-ing ex-port a
t $\T1/cmtt/m/n/8 exports /
 []


Underfull \hbox (badness 10000) in paragraph at lines 133--133
\T1/cmtt/m/n/8 b178bed2-[]731e-[]4f8b-[]b5f8-[]a93d1300b2f7 / measurement _ eve
nts .
 []



[7]
Underfull \hbox (badness 10000) in paragraph at lines 135--135
[][][]$\T1/cmtt/m/n/8 exports / bb298723-[]5fbf-[]4554-[]bf6b-[]ec5f4d336fbd /
 []


Underfull \hbox (badness 10000) in paragraph at lines 141--141
\T1/cmtt/m/n/8 test _ runtime _ e2e . py$ \T1/cmr/m/n/8 (+20) pro-duced \T1/cmt
t/m/n/8 14 passed\T1/cmr/m/n/8 (+20) ; $\T1/cmtt/m/n/8 . / .venv / bin /
 []


Underfull \hbox (badness 10000) in paragraph at lines 141--141
\T1/cmtt/m/n/8 passed\T1/cmr/m/n/8 (+20) ; $\T1/cmtt/m/n/8 . / .venv / bin / py
test-[]qtests / test _ hum _ runtime . py$
 []


Underfull \hbox (badness 10000) in paragraph at lines 141--141
\T1/cmr/m/n/8 (+20) pro-duced \T1/cmtt/m/n/8 4 passed\T1/cmr/m/n/8 (+20) ; $\T1
/cmtt/m/n/8 . / .venv / bin / pythonscripts / check _
 []


Overfull \hbox (5.50946pt too wide) in paragraph at lines 141--142
\T1/cmr/m/n/10 (-20) the server-side pre-view/commit/revert and memode-update
 []


Overfull \hbox (3.35794pt too wide) in paragraph at lines 141--142
\T1/cmr/m/n/10 (-20) injection sur-faces. Fourth, $\T1/cmtt/m/n/10 scripts / ch
eck _ observatory _
 []


Overfull \hbox (5.85492pt too wide) in paragraph at lines 143--144
\T1/cmtt/m/n/10 graph _ bootstrap _ chat _ feedback _ and _ exports$\T1/cmr/m/n
/10 (-20) , the har-
 []




Underfull \hbox (badness 10000) in paragraph at lines 147--147
[][][]$\T1/cmtt/m/n/8 exports / b178bed2-[]731e-[]4f8b-[]b5f8-[]a93d1300b2f7 /
 []


Underfull \hbox (badness 10000) in paragraph at lines 149--149
[][][]$\T1/cmtt/m/n/8 exports / conversations / adam-[]graph-[]bb298723 /
 []


Overfull \hbox (28.15224pt too wide) in paragraph at lines 149--150
\T1/cmtt/m/n/10 test _ feedback _ refreshes _ hum _ without _ prompt _ injectio
n$\T1/cmr/m/n/10 (-20) ,
 []



[8]
Underfull \hbox (badness 10000) in paragraph at lines 151--151
[][][]$\T1/cmtt/m/n/8 exports / bb298723-[]5fbf-[]4554-[]bf6b-[]ec5f4d336fbd / 
graph _
 []


Underfull \hbox (badness 10000) in paragraph at lines 153--153
[][][]$\T1/cmtt/m/n/8 exports / bb298723-[]5fbf-[]4554-[]bf6b-[]ec5f4d336fbd /
 []


Underfull \hbox (badness 10000) in paragraph at lines 155--155
[][][]$\T1/cmtt/m/n/8 exports / bb298723-[]5fbf-[]4554-[]bf6b-[]ec5f4d336fbd /
 []


Underfull \hbox (badness 10000) in paragraph at lines 155--155
\T1/cmtt/m/n/8 observatory _ index . json$\T1/cmr/m/n/8 (+20) ; $\T1/cmtt/m/n/8
 exports /
 []


Underfull \hbox (badness 10000) in paragraph at lines 155--155
\T1/cmtt/m/n/8 bb298723-[]5fbf-[]4554-[]bf6b-[]ec5f4d336fbd / graph _ knowledge
 _
 []




Overfull \hbox (7.07962pt too wide) in paragraph at lines 159--160
\T1/cmr/m/n/10 (-20) The cur-rent run's des-ig-nated base-line manuscript is $\
T1/cmtt/m/n/10 assets /
 []


Overfull \hbox (47.02791pt too wide) in paragraph at lines 159--160
\T1/cmtt/m/n/10 white _ paper _ pipeline / white _ paper _ drafts / eden _ whit
epaper _
 []


Underfull \hbox (badness 7099) in paragraph at lines 161--161
[][][]$\T1/cmtt/m/n/8 docs / PROJECT _ CHARTER . md : L16-[]L19$\T1/cmr/m/n/8 (
+20) ; $\T1/cmtt/m/n/8 docs / IMPLEMENTATION _
 []


Underfull \hbox (badness 10000) in paragraph at lines 161--161
\T1/cmtt/m/n/8 TRUTH _ TABLE . md : L90-[]L92$\T1/cmr/m/n/8 (+20) ; $\T1/cmtt/m
/n/8 docs / TURN _ LOOP _ AND _ MEMBRANE . md :
 []



[9]
Underfull \hbox (badness 10000) in paragraph at lines 165--165
[][][]\T1/cmr/m/n/8 (+20) Current evidence-family ex-am-ples in-clude
 []


Underfull \hbox (badness 10000) in paragraph at lines 165--165
\T1/cmtt/m/n/8 logs / runtime . jsonl$\T1/cmr/m/n/8 (+20) , $\T1/cmtt/m/n/8 exp
orts / conversations /
 []


Underfull \hbox (badness 10000) in paragraph at lines 165--165
\T1/cmtt/m/n/8 b178bed2-[]731e-[]4f8b-[]b5f8-[]a93d1300b2f7 / measurement _ eve
nts .
 []


Underfull \hbox (badness 10000) in paragraph at lines 165--165
\T1/cmtt/m/n/8 json$\T1/cmr/m/n/8 (+20) , and $\T1/cmtt/m/n/8 exports / bb29872
3-[]5fbf-[]4554-[]bf6b-[]ec5f4d336fbd /
 []




Underfull \hbox (badness 10000) in paragraph at lines 175--175
[][][]$\T1/cmtt/m/n/8 docs / PROJECT _ CHARTER . md : L16-[]L19 ,[] L35-[]L36$\
T1/cmr/m/n/8 (+20) ; $\T1/cmtt/m/n/8 docs / KNOWN _
 []



[10]



[11]
Overfull \hbox (13.1341pt too wide) in paragraph at lines 238--238
[]\T1/cmr/bx/n/14.4 (-20) Appendix B: Lo-cal Ev-i-dence Notes 
 []


Overfull \hbox (10.38269pt too wide) in paragraph at lines 240--241
\T1/cmtt/m/n/10 md$\T1/cmr/m/n/10 (-20) , $\T1/cmtt/m/n/10 docs / CANONICAL _ O
NTOLOGY . md$\T1/cmr/m/n/10 (-20) , $\T1/cmtt/m/n/10 docs / TURN _ LOOP _ AND _

 []


Overfull \hbox (9.85782pt too wide) in paragraph at lines 240--241
\T1/cmtt/m/n/10 MEMBRANE . md$\T1/cmr/m/n/10 (-20) , $\T1/cmtt/m/n/10 docs / ME
ASUREMENT _ EVENT _ MODEL . md$\T1/cmr/m/n/10 (-20) , $\T1/cmtt/m/n/10 eden /
 []


Overfull \hbox (5.13397pt too wide) in paragraph at lines 240--241
\T1/cmtt/m/n/10 inference . py$\T1/cmr/m/n/10 (-20) , $\T1/cmtt/m/n/10 eden / r
untime . py$\T1/cmr/m/n/10 (-20) , $\T1/cmtt/m/n/10 tests / test _ runtime _
 []


Overfull \hbox (25.60397pt too wide) in paragraph at lines 240--241
\T1/cmtt/m/n/10 e2e . py$\T1/cmr/m/n/10 (-20) , $\T1/cmtt/m/n/10 tests / test _
 observatory _ measurements . py$\T1/cmr/m/n/10 (-20) , $\T1/cmtt/m/n/10 tests 
/
 []

(../figure_bundle/latex/figures_generated.tex
<../figure_bundle/static/observed_archaeology_term_drift.png, id=274, 1806.75pt
 x 1003.75pt>
File: ../figure_bundle/static/observed_archaeology_term_drift.png Graphic file 
(type png)
<use ../figure_bundle/static/observed_archaeology_term_drift.png>
Package pdftex.def Info: ../figure_bundle/static/observed_archaeology_term_drif
t.png  used on input line 5.
(pdftex.def)             Requested size: 469.407pt x 260.78505pt.
<../figure_bundle/static/observed_done_episodes.png, id=275, 1806.75pt x 1003.7
5pt>
File: ../figure_bundle/static/observed_done_episodes.png Graphic file (type png
)
<use ../figure_bundle/static/observed_done_episodes.png>
Package pdftex.def Info: ../figure_bundle/static/observed_done_episodes.png  us
ed on input line 12.
(pdftex.def)             Requested size: 469.407pt x 260.78505pt.
<../figure_bundle/static/observed_memode_audit_summary.png, id=276, 1806.75pt x
 1003.75pt>
File: ../figure_bundle/static/observed_memode_audit_summary.png Graphic file (t
ype png)
<use ../figure_bundle/static/observed_memode_audit_summary.png>
Package pdftex.def Info: ../figure_bundle/static/observed_memode_audit_summary.
png  used on input line 19.
(pdftex.def)             Requested size: 469.407pt x 260.78505pt.
<../figure_bundle/static/observed_memode_support_graph.png, id=277, 1806.75pt x
 1003.75pt>
File: ../figure_bundle/static/observed_memode_support_graph.png Graphic file (t
ype png)
<use ../figure_bundle/static/observed_memode_support_graph.png>
Package pdftex.def Info: ../figure_bundle/static/observed_memode_support_graph.
png  used on input line 26.
(pdftex.def)             Requested size: 469.407pt x 260.78505pt.
<../figure_bundle/static/observed_measurement_ledger.png, id=278, 1806.75pt x 1
003.75pt>
File: ../figure_bundle/static/observed_measurement_ledger.png Graphic file (typ
e png)
<use ../figure_bundle/static/observed_measurement_ledger.png>
Package pdftex.def Info: ../figure_bundle/static/observed_measurement_ledger.pn
g  used on input line 33.
(pdftex.def)             Requested size: 469.407pt x 260.78505pt.
<../figure_bundle/static/observed_geometry_metrics.png, id=279, 1806.75pt x 100
3.75pt>
File: ../figure_bundle/static/observed_geometry_metrics.png Graphic file (type 
png)
<use ../figure_bundle/static/observed_geometry_metrics.png>
Package pdftex.def Info: ../figure_bundle/static/observed_geometry_metrics.png 
 used on input line 40.
(pdftex.def)             Requested size: 469.407pt x 260.78505pt.
<../figure_bundle/static/observed_runtime_event_counts.png, id=280, 1806.75pt x
 1003.75pt>
File: ../figure_bundle/static/observed_runtime_event_counts.png Graphic file (t
ype png)
<use ../figure_bundle/static/observed_runtime_event_counts.png>
Package pdftex.def Info: ../figure_bundle/static/observed_runtime_event_counts.
png  used on input line 47.
(pdftex.def)             Requested size: 469.407pt x 260.78505pt.
<../figure_bundle/static/observed_store_counts.png, id=281, 1806.75pt x 1003.75
pt>
File: ../figure_bundle/static/observed_store_counts.png Graphic file (type png)

<use ../figure_bundle/static/observed_store_counts.png>
Package pdftex.def Info: ../figure_bundle/static/observed_store_counts.png  use
d on input line 54.
(pdftex.def)             Requested size: 469.407pt x 260.78505pt.
<../figure_bundle/static/synthetic_regard_decay.png, id=282, 1806.75pt x 1003.7
5pt>
File: ../figure_bundle/static/synthetic_regard_decay.png Graphic file (type png
)
<use ../figure_bundle/static/synthetic_regard_decay.png>
Package pdftex.def Info: ../figure_bundle/static/synthetic_regard_decay.png  us
ed on input line 61.
(pdftex.def)             Requested size: 469.407pt x 260.78505pt.
<../figure_bundle/static/synthetic_active_set_budgets.png, id=283, 1806.75pt x 
1003.75pt>
File: ../figure_bundle/static/synthetic_active_set_budgets.png Graphic file (ty
pe png)
<use ../figure_bundle/static/synthetic_active_set_budgets.png>
Package pdftex.def Info: ../figure_bundle/static/synthetic_active_set_budgets.p
ng  used on input line 68.
(pdftex.def)             Requested size: 469.407pt x 260.78505pt.
<../figure_bundle/static/synthetic_browser_contract_layers.png, id=284, 1806.75
pt x 1003.75pt>
File: ../figure_bundle/static/synthetic_browser_contract_layers.png Graphic fil
e (type png)
<use ../figure_bundle/static/synthetic_browser_contract_layers.png>
Package pdftex.def Info: ../figure_bundle/static/synthetic_browser_contract_lay
ers.png  used on input line 75.
(pdftex.def)             Requested size: 469.407pt x 260.78505pt.
<../figure_bundle/static/synthetic_measurement_state_machine.png, id=285, 1806.
75pt x 1003.75pt>
File: ../figure_bundle/static/synthetic_measurement_state_machine.png Graphic f
ile (type png)
<use ../figure_bundle/static/synthetic_measurement_state_machine.png>
Package pdftex.def Info: ../figure_bundle/static/synthetic_measurement_state_ma
chine.png  used on input line 82.
(pdftex.def)             Requested size: 469.407pt x 260.78505pt.
<../figure_bundle/static/synthetic_memetic_proxies.png, id=286, 1806.75pt x 100
3.75pt>
File: ../figure_bundle/static/synthetic_memetic_proxies.png Graphic file (type 
png)
<use ../figure_bundle/static/synthetic_memetic_proxies.png>
Package pdftex.def Info: ../figure_bundle/static/synthetic_memetic_proxies.png 
 used on input line 89.
(pdftex.def)             Requested size: 469.407pt x 260.78505pt.
<../figure_bundle/static/synthetic_geometry_pipeline.png, id=287, 1806.75pt x 1
003.75pt>
File: ../figure_bundle/static/synthetic_geometry_pipeline.png Graphic file (typ
e png)
<use ../figure_bundle/static/synthetic_geometry_pipeline.png>
Package pdftex.def Info: ../figure_bundle/static/synthetic_geometry_pipeline.pn
g  used on input line 96.
(pdftex.def)             Requested size: 469.407pt x 260.78505pt.
<../figure_bundle/static/synthetic_runtime_spine.png, id=288, 1806.75pt x 1003.
75pt>
File: ../figure_bundle/static/synthetic_runtime_spine.png Graphic file (type pn
g)
<use ../figure_bundle/static/synthetic_runtime_spine.png>
Package pdftex.def Info: ../figure_bundle/static/synthetic_runtime_spine.png  u
sed on input line 103.
(pdftex.def)             Requested size: 469.407pt x 260.78505pt.
)



[12

] [13 <../figure_bundle/static/observed_archaeology_term_drift.png (PNG copy)> 
<../figure_bundle/static/observed_done_episodes.png (PNG copy)>] [14 <../figure
_bundle/static/observed_memode_audit_summary.png (PNG copy)> <../figure_bundle/
static/observed_memode_support_graph.png (PNG copy)>] [15 <../figure_bundle/sta
tic/observed_measurement_ledger.png (PNG copy)> <../figure_bundle/static/observ
ed_geometry_metrics.png (PNG copy)>] [16 <../figure_bundle/static/observed_runt
ime_event_counts.png (PNG copy)> <../figure_bundle/static/observed_store_counts
.png (PNG copy)>] [17 <../figure_bundle/static/synthetic_regard_decay.png (PNG 
copy)> <../figure_bundle/static/synthetic_active_set_budgets.png (PNG copy)>] [
18 <../figure_bundle/static/synthetic_browser_contract_layers.png (PNG copy)> <
../figure_bundle/static/synthetic_measurement_state_machine.png (PNG copy)>] [1
9 <../figure_bundle/static/synthetic_memetic_proxies.png (PNG copy)> <../figure
_bundle/static/synthetic_geometry_pipeline.png (PNG copy)>] [20 <../figure_bund
le/static/synthetic_runtime_spine.png (PNG copy)>] (./main.aux)
 ***********
LaTeX2e <2024-11-01> patch level 2
L3 programming layer <2025-01-18>
 ***********
Package rerunfilecheck Info: File `main.out' has not changed.
(rerunfilecheck)             Checksum: B64D5AF104313F17AD4D3FD770CEA040;2701.
 ) 
Here is how much of TeX's memory you used:
 13856 strings out of 473190
 231234 string characters out of 5704335
 685356 words of memory out of 5000000
 36670 multiletter control sequences out of 15000+600000
 575364 words of font info for 147 fonts, out of 8000000 for 9000
 1141 hyphenation exceptions out of 8191
 75i,8n,79p,1979b,577s stack positions out of 10000i,1000n,20000p,200000b,200000s
</opt/homebrew/Cellar/texlive/20250308_1/share/texmf-dist/fonts/type1/public/
amsfonts/cm/cmsy10.pfb></opt/homebrew/Cellar/texlive/20250308_1/share/texmf-dis
t/fonts/type1/public/cm-super/sfbx1440.pfb></opt/homebrew/Cellar/texlive/202503
08_1/share/texmf-dist/fonts/type1/public/cm-super/sfbx1728.pfb></opt/homebrew/C
ellar/texlive/20250308_1/share/texmf-dist/fonts/type1/public/cm-super/sfrm0600.
pfb></opt/homebrew/Cellar/texlive/20250308_1/share/texmf-dist/fonts/type1/publi
c/cm-super/sfrm0700.pfb></opt/homebrew/Cellar/texlive/20250308_1/share/texmf-di
st/fonts/type1/public/cm-super/sfrm0800.pfb></opt/homebrew/Cellar/texlive/20250
308_1/share/texmf-dist/fonts/type1/public/cm-super/sfrm1000.pfb></opt/homebrew/
Cellar/texlive/20250308_1/share/texmf-dist/fonts/type1/public/cm-super/sfrm1200
.pfb></opt/homebrew/Cellar/texlive/20250308_1/share/texmf-dist/fonts/type1/publ
ic/cm-super/sfti1000.pfb></opt/homebrew/Cellar/texlive/20250308_1/share/texmf-d
ist/fonts/type1/public/cm-super/sftt0800.pfb></opt/homebrew/Cellar/texlive/2025
0308_1/share/texmf-dist/fonts/type1/public/cm-super/sftt1000.pfb>
Output written on main.pdf (20 pages, 1512038 bytes).
PDF statistics:
 413 PDF objects out of 1000 (max. 8388607)
 350 compressed objects within 4 object streams
 121 named destinations out of 1000 (max. 500000)
 33964 words of extra memory for PDF output out of 35830 (max. 10000000)

